\BOOKMARK [0][-]{part.1}{I Supersymmetric Gauge Theory}{}% 1
\BOOKMARK [1][-]{section.1}{The BV-BRST Formalism}{part.1}% 2
\BOOKMARK [2][-]{subsection.1.1}{Conventions}{section.1}% 3
\BOOKMARK [2][-]{subsection.1.2}{Classical BV Theories}{section.1}% 4
\BOOKMARK [2][-]{subsection.1.3}{Symmetries in the Classical BV Formalism}{section.1}% 5
\BOOKMARK [2][-]{subsection.1.4}{From BRST to BV}{section.1}% 6
\BOOKMARK [2][-]{subsection.1.5}{Examples of Classical Field Theories}{section.1}% 7
\BOOKMARK [3][-]{subsubsection.1.5.1}{Generalized BF Theory}{subsection.1.5}% 8
\BOOKMARK [3][-]{subsubsection.1.5.2}{Generalized Chern\205Simons Theory}{subsection.1.5}% 9
\BOOKMARK [3][-]{subsubsection.1.5.3}{Generalized Hodge theory}{subsection.1.5}% 10
\BOOKMARK [2][-]{subsection.1.6}{Dimensional Reduction}{section.1}% 11
\BOOKMARK [1][-]{section.2}{Supersymmetry}{part.1}% 12
\BOOKMARK [2][-]{subsection.2.1}{Supersymmetry Algebras}{section.2}% 13
\BOOKMARK [2][-]{subsection.2.2}{Composition Algebras and Minimal Supersymmetry}{section.2}% 14
\BOOKMARK [2][-]{subsection.2.3}{Two-dimensional Chiral Supersymmetry}{section.2}% 15
\BOOKMARK [2][-]{subsection.2.4}{Supersymmetric Twisting}{section.2}% 16
\BOOKMARK [2][-]{subsection.2.5}{Dimensional Reduction of Supersymmetric Theories}{section.2}% 17
\BOOKMARK [1][-]{section.3}{Supersymmetric Yang\205Mills theories}{part.1}% 18
\BOOKMARK [2][-]{subsection.3.1}{Pure Super Yang\205Mills Theory}{section.3}% 19
\BOOKMARK [2][-]{subsection.3.2}{Coupling to Matter Multiplets}{section.3}% 20
\BOOKMARK [0][-]{part.2}{II Classification of Twists}{}% 21
\BOOKMARK [1][-]{section.4}{Dimension 10}{part.2}% 22
\BOOKMARK [2][-]{subsection.4.1}{N=\(1,0\) Super Yang\205Mills}{section.4}% 23
\BOOKMARK [3][-]{subsubsection.4.1.1}{Holomorphic twist}{subsection.4.1}% 24
\BOOKMARK [1][-]{section.5}{Dimension 9}{part.2}% 25
\BOOKMARK [2][-]{subsection.5.1}{N=1 Super Yang\205Mills}{section.5}% 26
\BOOKMARK [3][-]{subsubsection.5.1.1}{Minimal twist}{subsection.5.1}% 27
\BOOKMARK [1][-]{section.6}{Dimension 8}{part.2}% 28
\BOOKMARK [2][-]{subsection.6.1}{N=1 Super Yang\205Mills}{section.6}% 29
\BOOKMARK [3][-]{subsubsection.6.1.1}{Holomorphic twist}{subsection.6.1}% 30
\BOOKMARK [3][-]{subsubsection.6.1.2}{Topological twist}{subsection.6.1}% 31
\BOOKMARK [3][-]{subsubsection.6.1.3}{Partially topological twist}{subsection.6.1}% 32
\BOOKMARK [1][-]{section.7}{Dimension 7}{part.2}% 33
\BOOKMARK [2][-]{subsection.7.1}{N=1 Super Yang\205Mills}{section.7}% 34
\BOOKMARK [3][-]{subsubsection.7.1.1}{Minimal twist}{subsection.7.1}% 35
\BOOKMARK [3][-]{subsubsection.7.1.2}{Topological twist}{subsection.7.1}% 36
\BOOKMARK [3][-]{subsubsection.7.1.3}{Partially topological twist}{subsection.7.1}% 37
\BOOKMARK [1][-]{section.8}{Dimension 6}{part.2}% 38
\BOOKMARK [2][-]{subsection.8.1}{N=\(1, 0\) Super Yang\205Mills}{section.8}% 39
\BOOKMARK [3][-]{subsubsection.8.1.1}{Holomorphic twist}{subsection.8.1}% 40
\BOOKMARK [2][-]{subsection.8.2}{N=\(1, 1\) Super Yang\205Mills}{section.8}% 41
\BOOKMARK [3][-]{subsubsection.8.2.1}{Holomorphic twist}{subsection.8.2}% 42
\BOOKMARK [3][-]{subsubsection.8.2.2}{Rank \(1, 1\) partially topological twist}{subsection.8.2}% 43
\BOOKMARK [3][-]{subsubsection.8.2.3}{Topological twist}{subsection.8.2}% 44
\BOOKMARK [3][-]{subsubsection.8.2.4}{Rank \(2, 2\) twist}{subsection.8.2}% 45
\BOOKMARK [1][-]{section.9}{Dimension 5}{part.2}% 46
\BOOKMARK [2][-]{subsection.9.1}{N=1 Super Yang-Mills Theory with Matter}{section.9}% 47
\BOOKMARK [2][-]{subsection.9.2}{N=2 Super Yang-Mills Theory}{section.9}% 48
\BOOKMARK [1][-]{section.10}{Dimension 4}{part.2}% 49
\BOOKMARK [2][-]{subsection.10.1}{N=1 with chiral multiplet matter}{section.10}% 50
\BOOKMARK [3][-]{subsubsection.10.1.1}{Holomorphic twist}{subsection.10.1}% 51
\BOOKMARK [2][-]{subsection.10.2}{N=2 Super Yang-Mills with Matter}{section.10}% 52
\BOOKMARK [2][-]{subsection.10.3}{N=4 Super Yang-Mills}{section.10}% 53
\BOOKMARK [1][-]{section.11}{Dimension 3}{part.2}% 54
\BOOKMARK [2][-]{subsection.11.1}{N=2 Super Yang-Mills with Chiral Matter}{section.11}% 55
\BOOKMARK [2][-]{subsection.11.2}{N=4 Super Yang-Mills with Hypermultiplet Matter}{section.11}% 56
\BOOKMARK [2][-]{subsection.11.3}{N=8 Super Yang-Mills Theory}{section.11}% 57
\BOOKMARK [1][-]{section.12}{Dimension 2}{part.2}% 58
\BOOKMARK [2][-]{subsection.12.1}{N=\(2,2\) Super Yang-Mills with matter}{section.12}% 59
\BOOKMARK [2][-]{subsection.12.2}{N=\(4,4\) and N=\(8,8\) Super Yang-Mills with matter}{section.12}% 60
\BOOKMARK [2][-]{subsection.12.3}{N=\(0,2\) Super Yang-Mills with matter}{section.12}% 61
\BOOKMARK [2][-]{subsection.12.4}{N=\(0,4\) Super Yang-Mills with matter}{section.12}% 62
\BOOKMARK [2][-]{subsection.12.5}{N=\(0,N-\) Super Yang-Mills}{section.12}% 63
\BOOKMARK [1][-]{appendix.A}{Spinors}{part.2}% 64
