\BOOKMARK [1][-]{section*.2}{Introduction}{}% 1
\BOOKMARK [0][-]{part.1}{I Supersymmetric Gauge Theory}{}% 2
\BOOKMARK [1][-]{section.1}{The BV-BRST Formalism}{part.1}% 3
\BOOKMARK [2][-]{subsection.1.1}{Conventions}{section.1}% 4
\BOOKMARK [2][-]{subsection.1.2}{Formal Moduli Problems and Classical Field Theories}{section.1}% 5
\BOOKMARK [2][-]{subsection.1.3}{Perturbative Equivalence of Classical Field Theories}{section.1}% 6
\BOOKMARK [2][-]{subsection.1.4}{Symmetries in the Classical BV Formalism}{section.1}% 7
\BOOKMARK [2][-]{subsection.1.5}{From BRST to BV}{section.1}% 8
\BOOKMARK [2][-]{subsection.1.6}{Examples of Classical Field Theories}{section.1}% 9
\BOOKMARK [2][-]{subsection.1.7}{Dimensional Reduction}{section.1}% 10
\BOOKMARK [1][-]{section.2}{Supersymmetry}{part.1}% 11
\BOOKMARK [2][-]{subsection.2.1}{Spinors}{section.2}% 12
\BOOKMARK [2][-]{subsection.2.2}{Supersymmetry Algebras}{section.2}% 13
\BOOKMARK [2][-]{subsection.2.3}{Composition Algebras and Minimal Supersymmetry}{section.2}% 14
\BOOKMARK [2][-]{subsection.2.4}{Two-dimensional Chiral Supersymmetry}{section.2}% 15
\BOOKMARK [2][-]{subsection.2.5}{Supersymmetric Twisting}{section.2}% 16
\BOOKMARK [2][-]{subsection.2.6}{Dimensional Reduction of Supersymmetric Theories}{section.2}% 17
\BOOKMARK [1][-]{section.3}{Supersymmetric Yang\205Mills Theories}{part.1}% 18
\BOOKMARK [2][-]{subsection.3.1}{Super Yang\205Mills Theory: Pure Gauge Theory}{section.3}% 19
\BOOKMARK [2][-]{subsection.3.2}{Coupling to Matter Multiplets}{section.3}% 20
\BOOKMARK [0][-]{part.2}{II Classification of Twists}{}% 21
\BOOKMARK [1][-]{section.4}{Dimension 10}{part.2}% 22
\BOOKMARK [2][-]{subsection.4.1}{N=\(1,0\) Super Yang\205Mills Theory}{section.4}% 23
\BOOKMARK [1][-]{section.5}{Dimension 9}{part.2}% 24
\BOOKMARK [2][-]{subsection.5.1}{N=1 Super Yang\205Mills Theory}{section.5}% 25
\BOOKMARK [1][-]{section.6}{Dimension 8}{part.2}% 26
\BOOKMARK [2][-]{subsection.6.1}{N=1 Super Yang\205Mills Theory}{section.6}% 27
\BOOKMARK [1][-]{section.7}{Dimension 7}{part.2}% 28
\BOOKMARK [2][-]{subsection.7.1}{N=1 Super Yang\205Mills Theory}{section.7}% 29
\BOOKMARK [1][-]{section.8}{Dimension 6}{part.2}% 30
\BOOKMARK [2][-]{subsection.8.1}{N=\(1, 0\) Super Yang\205Mills Theory}{section.8}% 31
\BOOKMARK [2][-]{subsection.8.2}{N=\(1, 1\) Super Yang\205Mills Theory}{section.8}% 32
\BOOKMARK [1][-]{section.9}{Dimension 5}{part.2}% 33
\BOOKMARK [2][-]{subsection.9.1}{N=1 Super Yang\205Mills Theory}{section.9}% 34
\BOOKMARK [2][-]{subsection.9.2}{N=2 Super Yang\205Mills Theory}{section.9}% 35
\BOOKMARK [1][-]{section.10}{Dimension 4}{part.2}% 36
\BOOKMARK [2][-]{subsection.10.1}{N=1 Super Yang\205Mills Theory}{section.10}% 37
\BOOKMARK [2][-]{subsection.10.2}{N=2 Super Yang\205Mills Theory}{section.10}% 38
\BOOKMARK [2][-]{subsection.10.3}{N=4 Super Yang\205Mills Theory}{section.10}% 39
\BOOKMARK [1][-]{section.11}{Dimension 3}{part.2}% 40
\BOOKMARK [2][-]{subsection.11.1}{N=2 Super Yang\205Mills Theory}{section.11}% 41
\BOOKMARK [2][-]{subsection.11.2}{N=4 Super Yang\205Mills Theory}{section.11}% 42
\BOOKMARK [2][-]{subsection.11.3}{N=8 Super Yang\205Mills Theory}{section.11}% 43
\BOOKMARK [1][-]{section.12}{Dimension 2}{part.2}% 44
\BOOKMARK [2][-]{subsection.12.1}{N=\(2,2\) Super Yang\205Mills Theory}{section.12}% 45
\BOOKMARK [2][-]{subsection.12.2}{N=\(4,4\) Super Yang\205Mills Theory}{section.12}% 46
\BOOKMARK [2][-]{subsection.12.3}{N=\(8,8\) Super Yang\205Mills Theory}{section.12}% 47
\BOOKMARK [2][-]{subsection.12.4}{N=\(2,0\) Super Yang\205Mills Theory}{section.12}% 48
\BOOKMARK [2][-]{subsection.12.5}{N=\(4,0\) Super Yang\205Mills Theory}{section.12}% 49
\BOOKMARK [2][-]{subsection.12.6}{N=\(N+,0\) Super Yang\205Mills Theory}{section.12}% 50
